<?xml version="1.0" encoding="UTF-8"?>
<testng-results ignored="0" total="1" passed="1" failed="0" skipped="0">
  <reporter-output>
  </reporter-output>
  <suite started-at="2026-03-11T22:10:55 IST" name="Suite" finished-at="2026-03-11T22:11:07 IST" duration-ms="11975">
    <groups>
      <group name="Master">
        <method signature="Account_Registration_Test.verify_account_registration()[pri:0, instance:testCases.Account_Registration_Test@8576fa0]" name="verify_account_registration" class="testCases.Account_Registration_Test"/>
      </group> <!-- Master -->
      <group name="sanity">
        <method signature="Account_Registration_Test.verify_account_registration()[pri:0, instance:testCases.Account_Registration_Test@8576fa0]" name="verify_account_registration" class="testCases.Account_Registration_Test"/>
      </group> <!-- sanity -->
    </groups>
    <test started-at="2026-03-11T22:10:55 IST" name="Test" finished-at="2026-03-11T22:11:07 IST" duration-ms="11975">
      <class name="testCases.Account_Registration_Test">
        <test-method is-config="true" signature="Setup(java.lang.String,java.lang.String)[pri:0, instance:testCases.Account_Registration_Test@8576fa0]" started-at="2026-03-11T22:10:55 IST" name="Setup" finished-at="2026-03-11T22:11:02 IST" duration-ms="6833" status="PASS">
          <params>
            <param index="0">
              <value>
                <![CDATA[Windows]]>
              </value>
            </param>
            <param index="1">
              <value>
                <![CDATA[chrome]]>
              </value>
            </param>
          </params>
          <reporter-output>
          </reporter-output>
        </test-method> <!-- Setup -->
        <test-method signature="verify_account_registration()[pri:0, instance:testCases.Account_Registration_Test@8576fa0]" started-at="2026-03-11T22:11:02 IST" name="verify_account_registration" finished-at="2026-03-11T22:11:06 IST" duration-ms="4210" status="PASS">
          <reporter-output>
          </reporter-output>
        </test-method> <!-- verify_account_registration -->
        <test-method is-config="true" signature="teardown()[pri:0, instance:testCases.Account_Registration_Test@8576fa0]" started-at="2026-03-11T22:11:06 IST" name="teardown" finished-at="2026-03-11T22:11:07 IST" duration-ms="583" status="PASS">
          <reporter-output>
          </reporter-output>
        </test-method> <!-- teardown -->
      </class> <!-- testCases.Account_Registration_Test -->
    </test> <!-- Test -->
  </suite> <!-- Suite -->
</testng-results>
